<?xml version="1.0" encoding="UTF-8"?>
<testsuite xmlns:xsi="http://www.w3.org/2001/XMLSchema-instance" xsi:noNamespaceSchemaLocation="https://maven.apache.org/surefire/maven-surefire-plugin/xsd/surefire-test-report-3.0.xsd" version="3.0" name="com.example.personcrud.CourseApiTests" time="3.778" tests="2" errors="0" skipped="0" failures="0">
  <properties>
[...]
</properties>
  <testcase name="testCreateGetUpdateDeleteCourse" classname="com.example.personcrud.CourseApiTests" time="0.672">
    <system-out><![CDATA[13:41:27.949 [main] INFO org.springframework.test.context.support.AnnotationConfigContextLoaderUtils -- Could not detect default configuration classes for test class [com.example.personcrud.CourseApiTests]: CourseApiTests does not declare any static, non-private, non-final, nested classes annotated with @Configuration.
13:41:28.044 [main] INFO org.springframework.boot.test.context.SpringBootTestContextBootstrapper -- Found @SpringBootConfiguration com.example.personcrud.PersonCrudApplication for test class com.example.personcrud.CourseApiTests

  .   ____          _            __ _ _
 /\\ / ___'_ __ _ _(_)_ __  __ _ \ \ \ \
( ( )\___ | '_ | '_| | '_ \/ _` | \ \ \ \
 \\/  ___)| |_)| | | | | || (_| |  ) ) ) )
  '  |____| .__|_| |_|_| |_\__, | / / / /
 =========|_|==============|___/=/_/_/_/
 :: Spring Boot ::                (v3.1.4)

2025-11-20T13:41:28.353Z  INFO 107 --- [           main] com.example.personcrud.CourseApiTests    : Starting CourseApiTests using Java 17.0.8.1 with PID 107 (started by root in /usr/src/mymaven)
2025-11-20T13:41:28.354Z  INFO 107 --- [           main] com.example.personcrud.CourseApiTests    : No active profile set, falling back to 1 default profile: "default"
2025-11-20T13:41:28.855Z  INFO 107 --- [           main] .s.d.r.c.RepositoryConfigurationDelegate : Bootstrapping Spring Data JPA repositories in DEFAULT mode.
2025-11-20T13:41:28.899Z  INFO 107 --- [           main] .s.d.r.c.RepositoryConfigurationDelegate : Finished Spring Data repository scanning in 38 ms. Found 2 JPA repository interfaces.
2025-11-20T13:41:29.169Z  INFO 107 --- [           main] o.hibernate.jpa.internal.util.LogHelper  : HHH000204: Processing PersistenceUnitInfo [name: default]
2025-11-20T13:41:29.218Z  INFO 107 --- [           main] org.hibernate.Version                    : HHH000412: Hibernate ORM core version 6.2.9.Final
2025-11-20T13:41:29.220Z  INFO 107 --- [           main] org.hibernate.cfg.Environment            : HHH000406: Using bytecode reflection optimizer
2025-11-20T13:41:29.334Z  INFO 107 --- [           main] o.h.b.i.BytecodeProviderInitiator        : HHH000021: Bytecode provider name : bytebuddy
2025-11-20T13:41:29.444Z  INFO 107 --- [           main] o.s.o.j.p.SpringPersistenceUnitInfo      : No LoadTimeWeaver setup: ignoring JPA class transformer
2025-11-20T13:41:29.458Z  INFO 107 --- [           main] com.zaxxer.hikari.HikariDataSource       : HikariPool-1 - Starting...
2025-11-20T13:41:29.662Z  INFO 107 --- [           main] com.zaxxer.hikari.pool.HikariPool        : HikariPool-1 - Added connection conn0: url=jdbc:h2:mem:persondb user=SA
2025-11-20T13:41:29.663Z  INFO 107 --- [           main] com.zaxxer.hikari.HikariDataSource       : HikariPool-1 - Start completed.
2025-11-20T13:41:29.852Z  INFO 107 --- [           main] o.h.b.i.BytecodeProviderInitiator        : HHH000021: Bytecode provider name : bytebuddy
2025-11-20T13:41:30.323Z  INFO 107 --- [           main] o.h.e.t.j.p.i.JtaPlatformInitiator       : HHH000490: Using JtaPlatform implementation: [org.hibernate.engine.transaction.jta.platform.internal.NoJtaPlatform]
2025-11-20T13:41:30.361Z DEBUG 107 --- [           main] org.hibernate.SQL                        : create table course (id bigint generated by default as identity, name varchar(255), teacher_id bigint, primary key (id))
2025-11-20T13:41:30.366Z DEBUG 107 --- [           main] org.hibernate.SQL                        : create table course_students (course_id bigint not null, student_id bigint not null)
2025-11-20T13:41:30.367Z DEBUG 107 --- [           main] org.hibernate.SQL                        : create table person (person_type varchar(31) not null, id bigint generated by default as identity, email varchar(255), first_name varchar(255), last_name varchar(255), primary key (id))
2025-11-20T13:41:30.368Z DEBUG 107 --- [           main] org.hibernate.SQL                        : alter table if exists course add constraint FKi68pq5hdn3qqiss9fsq97ebjy foreign key (teacher_id) references person
2025-11-20T13:41:30.372Z DEBUG 107 --- [           main] org.hibernate.SQL                        : alter table if exists course_students add constraint FKr1wrnmdp5vm5dhodgor6au9ph foreign key (student_id) references person
2025-11-20T13:41:30.373Z DEBUG 107 --- [           main] org.hibernate.SQL                        : alter table if exists course_students add constraint FKgut5xj4l8sk6hg3l0t2su2pnc foreign key (course_id) references course
2025-11-20T13:41:30.376Z  INFO 107 --- [           main] j.LocalContainerEntityManagerFactoryBean : Initialized JPA EntityManagerFactory for persistence unit 'default'
2025-11-20T13:41:30.649Z  WARN 107 --- [           main] JpaBaseConfiguration$JpaWebConfiguration : spring.jpa.open-in-view is enabled by default. Therefore, database queries may be performed during view rendering. Explicitly configure spring.jpa.open-in-view to disable this warning
2025-11-20T13:41:30.837Z  INFO 107 --- [           main] o.s.b.a.h2.H2ConsoleAutoConfiguration    : H2 console available at '/h2-console'. Database available at 'jdbc:h2:mem:persondb'
2025-11-20T13:41:30.864Z  INFO 107 --- [           main] o.s.b.t.m.w.SpringBootMockServletContext : Initializing Spring TestDispatcherServlet ''
2025-11-20T13:41:30.864Z  INFO 107 --- [           main] o.s.t.web.servlet.TestDispatcherServlet  : Initializing Servlet ''
2025-11-20T13:41:30.865Z  INFO 107 --- [           main] o.s.t.web.servlet.TestDispatcherServlet  : Completed initialization in 1 ms
2025-11-20T13:41:30.875Z  INFO 107 --- [           main] com.example.personcrud.CourseApiTests    : Started CourseApiTests in 2.722 seconds (process running for 3.49)
2025-11-20T13:41:31.294Z DEBUG 107 --- [           main] org.hibernate.SQL                        : select c1_0.id,c1_0.name,c1_0.teacher_id from course c1_0
2025-11-20T13:41:31.299Z DEBUG 107 --- [           main] org.hibernate.SQL                        : select p1_0.id,p1_0.person_type,p1_0.email,p1_0.first_name,p1_0.last_name from person p1_0
2025-11-20T13:41:31.314Z DEBUG 107 --- [           main] org.hibernate.SQL                        : insert into person (email,first_name,last_name,person_type,id) values (?,?,?,'TEACHER',default)
2025-11-20T13:41:31.324Z DEBUG 107 --- [           main] org.hibernate.SQL                        : insert into person (email,first_name,last_name,person_type,id) values (?,?,?,'STUDENT',default)
2025-11-20T13:41:31.325Z DEBUG 107 --- [           main] org.hibernate.SQL                        : insert into person (email,first_name,last_name,person_type,id) values (?,?,?,'STUDENT',default)
2025-11-20T13:41:31.422Z DEBUG 107 --- [           main] org.hibernate.SQL                        : select p1_0.id,p1_0.person_type,p1_0.email,p1_0.first_name,p1_0.last_name from person p1_0 where p1_0.id=?
2025-11-20T13:41:31.426Z DEBUG 107 --- [           main] org.hibernate.SQL                        : select p1_0.id,p1_0.person_type,p1_0.email,p1_0.first_name,p1_0.last_name from person p1_0 where p1_0.id=?
2025-11-20T13:41:31.427Z DEBUG 107 --- [           main] org.hibernate.SQL                        : select p1_0.id,p1_0.person_type,p1_0.email,p1_0.first_name,p1_0.last_name from person p1_0 where p1_0.id=?
2025-11-20T13:41:31.438Z DEBUG 107 --- [           main] org.hibernate.SQL                        : insert into course (name,teacher_id,id) values (?,?,default)
2025-11-20T13:41:31.444Z DEBUG 107 --- [           main] org.hibernate.SQL                        : insert into course_students (course_id,student_id) values (?,?)
2025-11-20T13:41:31.445Z DEBUG 107 --- [           main] org.hibernate.SQL                        : insert into course_students (course_id,student_id) values (?,?)
2025-11-20T13:41:31.520Z DEBUG 107 --- [           main] org.hibernate.SQL                        : select c1_0.id,c1_0.name,t1_0.id,t1_0.email,t1_0.first_name,t1_0.last_name from course c1_0 left join person t1_0 on t1_0.id=c1_0.teacher_id where c1_0.id=?
2025-11-20T13:41:31.524Z DEBUG 107 --- [           main] org.hibernate.SQL                        : select s1_0.course_id,s1_1.id,s1_1.email,s1_1.first_name,s1_1.last_name from course_students s1_0 join person s1_1 on s1_1.id=s1_0.student_id where s1_0.course_id=?
2025-11-20T13:41:31.529Z DEBUG 107 --- [           main] org.hibernate.SQL                        : select p1_0.id,p1_0.person_type,p1_0.email,p1_0.first_name,p1_0.last_name from person p1_0 where p1_0.id=?
2025-11-20T13:41:31.530Z DEBUG 107 --- [           main] org.hibernate.SQL                        : select p1_0.id,p1_0.person_type,p1_0.email,p1_0.first_name,p1_0.last_name from person p1_0 where p1_0.id=?
2025-11-20T13:41:31.530Z DEBUG 107 --- [           main] org.hibernate.SQL                        : select c1_0.id,c1_0.name,t1_0.id,t1_0.email,t1_0.first_name,t1_0.last_name from course c1_0 left join person t1_0 on t1_0.id=c1_0.teacher_id where c1_0.id=?
2025-11-20T13:41:31.536Z DEBUG 107 --- [           main] org.hibernate.SQL                        : update course set name=?,teacher_id=? where id=?
2025-11-20T13:41:31.538Z DEBUG 107 --- [           main] org.hibernate.SQL                        : delete from course_students where course_id=?
2025-11-20T13:41:31.539Z DEBUG 107 --- [           main] org.hibernate.SQL                        : insert into course_students (course_id,student_id) values (?,?)
2025-11-20T13:41:31.543Z DEBUG 107 --- [           main] org.hibernate.SQL                        : select c1_0.id,c1_0.name,c1_0.teacher_id from course c1_0
2025-11-20T13:41:31.543Z DEBUG 107 --- [           main] org.hibernate.SQL                        : select t1_0.id,t1_0.email,t1_0.first_name,t1_0.last_name from person t1_0 where t1_0.person_type='TEACHER' and t1_0.id=?
2025-11-20T13:41:31.544Z DEBUG 107 --- [           main] org.hibernate.SQL                        : select s1_0.course_id,s1_1.id,s1_1.email,s1_1.first_name,s1_1.last_name from course_students s1_0 join person s1_1 on s1_1.id=s1_0.student_id where s1_0.course_id=?
2025-11-20T13:41:31.549Z DEBUG 107 --- [           main] org.hibernate.SQL                        : select c1_0.id,c1_0.name,t1_0.id,t1_0.email,t1_0.first_name,t1_0.last_name from course c1_0 left join person t1_0 on t1_0.id=c1_0.teacher_id where c1_0.id=?
2025-11-20T13:41:31.551Z DEBUG 107 --- [           main] org.hibernate.SQL                        : delete from course_students where course_id=?
2025-11-20T13:41:31.552Z DEBUG 107 --- [           main] org.hibernate.SQL                        : delete from course where id=?
2025-11-20T13:41:31.555Z DEBUG 107 --- [           main] org.hibernate.SQL                        : select c1_0.id,c1_0.name,t1_0.id,t1_0.email,t1_0.first_name,t1_0.last_name from course c1_0 left join person t1_0 on t1_0.id=c1_0.teacher_id where c1_0.id=?
]]></system-out>
  </testcase>
  <testcase name="testCreateCourseValidation" classname="com.example.personcrud.CourseApiTests" time="0.021">
    <system-out><![CDATA[2025-11-20T13:41:31.563Z DEBUG 107 --- [           main] org.hibernate.SQL                        : select c1_0.id,c1_0.name,c1_0.teacher_id from course c1_0
2025-11-20T13:41:31.564Z DEBUG 107 --- [           main] org.hibernate.SQL                        : select p1_0.id,p1_0.person_type,p1_0.email,p1_0.first_name,p1_0.last_name from person p1_0
2025-11-20T13:41:31.566Z DEBUG 107 --- [           main] org.hibernate.SQL                        : delete from person where id=?
2025-11-20T13:41:31.566Z DEBUG 107 --- [           main] org.hibernate.SQL                        : delete from person where id=?
2025-11-20T13:41:31.567Z DEBUG 107 --- [           main] org.hibernate.SQL                        : delete from person where id=?
2025-11-20T13:41:31.581Z  WARN 107 --- [           main] .w.s.m.s.DefaultHandlerExceptionResolver : Resolved [org.springframework.web.bind.MethodArgumentNotValidException: Validation failed for argument [0] in public org.springframework.http.ResponseEntity<com.example.personcrud.dto.CourseDto> com.example.personcrud.controller.CourseController.create(com.example.personcrud.dto.CourseDto): [Field error in object 'courseDto' on field 'name': rejected value []; codes [NotBlank.courseDto.name,NotBlank.name,NotBlank.java.lang.String,NotBlank]; arguments [org.springframework.context.support.DefaultMessageSourceResolvable: codes [courseDto.name,name]; arguments []; default message [name]]; default message [must not be blank]] ]
]]></system-out>
  </testcase>
</testsuite>